* using log directory 'C:/Users/akame/Desktop/hw-stat133-BolongZh/workout3/binomial.Rcheck'
* using R version 3.5.2 (2018-12-20)
* using platform: x86_64-w64-mingw32 (64-bit)
* using session charset: CP936
* using options '--no-manual --as-cran'
* checking for file 'binomial/DESCRIPTION' ... OK
* checking extension type ... Package
* this is package 'binomial' version '0.1.0'
* package encoding: UTF-8
* checking package namespace information ... OK
* checking package dependencies ... OK
* checking if this is a source package ... OK
* checking if there is a namespace ... OK
* checking for executable files ... OK
* checking for hidden files and directories ... OK
* checking for portable file names ... OK
* checking serialization versions ... OK
* checking whether package 'binomial' can be installed ... OK
* checking installed package size ... OK
* checking package directory ... OK
* checking 'build' directory ... OK
* checking DESCRIPTION meta-information ... OK
* checking top-level files ... NOTE
Non-standard files/directories found at top level:
  'README-unnamed-chunk-2-1.png' 'README-unnamed-chunk-2-2.png'
  'devtools-binomial.R' 'readme.Rmd' 'readme.md'
* checking for left-over files ... OK
* checking index information ... OK
* checking package subdirectories ... OK
* checking R files for non-ASCII characters ... OK
* checking R files for syntax errors ... OK
* checking whether the package can be loaded ... OK
* checking whether the package can be loaded with stated dependencies ... OK
* checking whether the package can be unloaded cleanly ... OK
* checking whether the namespace can be loaded with stated dependencies ... OK
* checking whether the namespace can be unloaded cleanly ... OK
* checking loading without being on the library search path ... OK
* checking dependencies in R code ... OK
* checking S3 generic/method consistency ... WARNING
print:
  function(x, ...)
print.binvar:
  function(x)

print:
  function(x, ...)
print.summary.binvar:
  function(x)

summary:
  function(object, ...)
summary.binvar:
  function(x)

plot:
  function(x, ...)
plot.bincum:
  function(x)

plot:
  function(x, ...)
plot.bindist:
  function(x)

See section 'Generic functions and methods' in the 'Writing R
Extensions' manual.
* checking replacement functions ... OK
* checking foreign function calls ... OK
* checking R code for possible problems ... NOTE
plot.bincum: no visible binding for global variable 'success'
plot.bincum: no visible binding for global variable 'cumulative'
plot.bindist: no visible binding for global variable 'success'
plot.bindist: no visible binding for global variable 'probability'
Undefined global functions or variables:
  cumulative probability success
* checking Rd files ... OK
* checking Rd metadata ... OK
* checking Rd line widths ... OK
* checking Rd cross-references ... OK
* checking for missing documentation entries ... OK
* checking for code/documentation mismatches ... OK
* checking Rd \usage sections ... OK
* checking Rd contents ... OK
* checking for unstated dependencies in examples ... OK
* checking installed files from 'inst/doc' ... OK
* checking files in 'vignettes' ... OK
* checking examples ... OK
* checking for unstated dependencies in 'tests' ... WARNING
'library' or 'require' call not declared from: 'testthat'
* checking tests ... ERROR
  Running 'testthat.R'
Running the tests in 'tests/testthat.R' failed.
Complete output:
  > library(testthat)
  Error in library(testthat) : there is no package called 'testthat'
  Execution halted
* checking for unstated dependencies in vignettes ... OK
* checking package vignettes in 'inst/doc' ... OK
* checking re-building of vignette outputs ... OK
* DONE
Status: 1 ERROR, 2 WARNINGs, 2 NOTEs
